<?xml version="1.0" encoding="UTF-8"?>
<coverage generated="1550864172400" clover="3.2.0">
  <project timestamp="1550864172400" name="All files">
    <metrics statements="180" coveredstatements="98" conditionals="114" coveredconditionals="45" methods="72" coveredmethods="28" elements="366" coveredelements="171" complexity="0" loc="180" ncloc="180" packages="1" files="4" classes="4"/>
    <file name="arr.js" path="C:\Users\Kenneth\Desktop\Ian\Work\Prismo\arr.js-Testing\arr.js">
      <metrics statements="96" coveredstatements="60" conditionals="54" coveredconditionals="33" methods="38" coveredmethods="22"/>
      <line num="9" count="8" type="stmt"/>
      <line num="10" count="8" type="stmt"/>
      <line num="12" count="8" type="stmt"/>
      <line num="13" count="8" type="stmt"/>
      <line num="15" count="8" type="stmt"/>
      <line num="16" count="8" type="stmt"/>
      <line num="21" count="8" type="stmt"/>
      <line num="22" count="101" type="cond" truecount="2" falsecount="0"/>
      <line num="23" count="101" type="cond" truecount="2" falsecount="0"/>
      <line num="24" count="101" type="stmt"/>
      <line num="25" count="101" type="stmt"/>
      <line num="26" count="101" type="cond" truecount="2" falsecount="0"/>
      <line num="27" count="3" type="stmt"/>
      <line num="32" count="8" type="stmt"/>
      <line num="33" count="2957" type="cond" truecount="4" falsecount="0"/>
      <line num="38" count="8" type="stmt"/>
      <line num="39" count="2962" type="cond" truecount="2" falsecount="0"/>
      <line num="40" count="2962" type="stmt"/>
      <line num="41" count="2962" type="stmt"/>
      <line num="42" count="2093" type="stmt"/>
      <line num="43" count="2093" type="cond" truecount="4" falsecount="0"/>
      <line num="44" count="60" type="stmt"/>
      <line num="47" count="2902" type="stmt"/>
      <line num="52" count="8" type="stmt"/>
      <line num="53" count="2960" type="cond" truecount="4" falsecount="0"/>
      <line num="58" count="8" type="stmt"/>
      <line num="59" count="2960" type="cond" truecount="4" falsecount="0"/>
      <line num="64" count="8" type="stmt"/>
      <line num="65" count="2538" type="cond" truecount="2" falsecount="0"/>
      <line num="66" count="1056" type="stmt"/>
      <line num="68" count="1482" type="stmt"/>
      <line num="69" count="1482" type="stmt"/>
      <line num="70" count="1482" type="stmt"/>
      <line num="71" count="216" type="stmt"/>
      <line num="72" count="216" type="stmt"/>
      <line num="73" count="216" type="stmt"/>
      <line num="77" count="17" type="cond" truecount="2" falsecount="0"/>
      <line num="78" count="19" type="stmt"/>
      <line num="79" count="19" type="stmt"/>
      <line num="83" count="8" type="cond" truecount="0" falsecount="1"/>
      <line num="84" count="2083" type="cond" truecount="2" falsecount="0"/>
      <line num="85" count="2083" type="stmt"/>
      <line num="86" count="66" type="stmt"/>
      <line num="88" count="2075" type="cond" truecount="2" falsecount="0"/>
      <line num="89" count="1108" type="stmt"/>
      <line num="91" count="2075" type="stmt"/>
      <line num="97" count="8" type="stmt"/>
      <line num="98" count="0" type="cond" truecount="0" falsecount="2"/>
      <line num="99" count="0" type="stmt"/>
      <line num="100" count="0" type="stmt"/>
      <line num="101" count="0" type="stmt"/>
      <line num="102" count="0" type="cond" truecount="0" falsecount="2"/>
      <line num="103" count="0" type="stmt"/>
      <line num="107" count="0" type="stmt"/>
      <line num="112" count="8" type="stmt"/>
      <line num="113" count="0" type="cond" truecount="0" falsecount="2"/>
      <line num="114" count="0" type="stmt"/>
      <line num="115" count="0" type="stmt"/>
      <line num="116" count="0" type="stmt"/>
      <line num="117" count="0" type="cond" truecount="0" falsecount="2"/>
      <line num="118" count="0" type="stmt"/>
      <line num="120" count="0" type="stmt"/>
      <line num="122" count="0" type="stmt"/>
      <line num="128" count="8" type="stmt"/>
      <line num="129" count="0" type="cond" truecount="0" falsecount="2"/>
      <line num="130" count="0" type="stmt"/>
      <line num="131" count="0" type="stmt"/>
      <line num="132" count="0" type="stmt"/>
      <line num="133" count="0" type="cond" truecount="0" falsecount="2"/>
      <line num="134" count="0" type="stmt"/>
      <line num="136" count="0" type="stmt"/>
      <line num="138" count="0" type="stmt"/>
      <line num="144" count="8" type="stmt"/>
      <line num="145" count="0" type="cond" truecount="0" falsecount="4"/>
      <line num="146" count="0" type="stmt"/>
      <line num="148" count="0" type="stmt"/>
      <line num="149" count="0" type="stmt"/>
      <line num="150" count="0" type="cond" truecount="0" falsecount="2"/>
      <line num="151" count="0" type="stmt"/>
      <line num="154" count="0" type="stmt"/>
      <line num="158" count="8" type="cond" truecount="0" falsecount="2"/>
      <line num="159" count="0" type="stmt"/>
      <line num="163" count="8" type="stmt"/>
      <line num="164" count="101" type="stmt"/>
      <line num="165" count="2957" type="stmt"/>
      <line num="166" count="2962" type="stmt"/>
      <line num="167" count="2960" type="stmt"/>
      <line num="168" count="2960" type="stmt"/>
      <line num="169" count="2538" type="stmt"/>
      <line num="170" count="17" type="stmt"/>
      <line num="171" count="2083" type="cond" truecount="1" falsecount="0"/>
      <line num="172" count="0" type="stmt"/>
      <line num="173" count="0" type="stmt"/>
      <line num="174" count="0" type="stmt"/>
      <line num="175" count="0" type="stmt"/>
      <line num="176" count="0" type="stmt"/>
    </file>
    <file name="obj.js" path="C:\Users\Kenneth\Desktop\Ian\Work\Prismo\arr.js-Testing\obj.js">
      <metrics statements="59" coveredstatements="22" conditionals="43" coveredconditionals="7" methods="22" coveredmethods="2"/>
      <line num="2" count="8" type="stmt"/>
      <line num="3" count="8" type="stmt"/>
      <line num="7" count="8" type="stmt"/>
      <line num="8" count="0" type="cond" truecount="0" falsecount="2"/>
      <line num="9" count="0" type="stmt"/>
      <line num="12" count="0" type="stmt"/>
      <line num="13" count="0" type="cond" truecount="0" falsecount="2"/>
      <line num="14" count="0" type="stmt"/>
      <line num="17" count="0" type="stmt"/>
      <line num="24" count="8" type="stmt"/>
      <line num="25" count="0" type="cond" truecount="0" falsecount="2"/>
      <line num="26" count="0" type="cond" truecount="0" falsecount="2"/>
      <line num="27" count="0" type="cond" truecount="0" falsecount="2"/>
      <line num="28" count="0" type="cond" truecount="0" falsecount="2"/>
      <line num="29" count="0" type="cond" truecount="0" falsecount="2"/>
      <line num="30" count="0" type="stmt"/>
      <line num="36" count="8" type="stmt"/>
      <line num="37" count="124" type="cond" truecount="2" falsecount="0"/>
      <line num="38" count="108" type="stmt"/>
      <line num="40" count="16" type="cond" truecount="2" falsecount="0"/>
      <line num="41" count="16" type="stmt"/>
      <line num="42" count="8" type="stmt"/>
      <line num="43" count="8" type="stmt"/>
      <line num="44" count="8" type="cond" truecount="3" falsecount="0"/>
      <line num="45" count="4" type="stmt"/>
      <line num="46" count="4" type="stmt"/>
      <line num="48" count="8" type="stmt"/>
      <line num="53" count="8" type="stmt"/>
      <line num="54" count="0" type="cond" truecount="0" falsecount="2"/>
      <line num="55" count="0" type="stmt"/>
      <line num="61" count="8" type="cond" truecount="0" falsecount="1"/>
      <line num="62" count="0" type="cond" truecount="0" falsecount="2"/>
      <line num="63" count="0" type="cond" truecount="0" falsecount="2"/>
      <line num="64" count="0" type="stmt"/>
      <line num="66" count="0" type="stmt"/>
      <line num="71" count="8" type="stmt"/>
      <line num="72" count="0" type="cond" truecount="0" falsecount="2"/>
      <line num="73" count="0" type="cond" truecount="0" falsecount="2"/>
      <line num="74" count="0" type="stmt"/>
      <line num="76" count="0" type="stmt"/>
      <line num="84" count="8" type="cond" truecount="0" falsecount="2"/>
      <line num="86" count="0" type="stmt"/>
      <line num="87" count="0" type="stmt"/>
      <line num="88" count="0" type="stmt"/>
      <line num="97" count="8" type="cond" truecount="0" falsecount="2"/>
      <line num="99" count="0" type="stmt"/>
      <line num="100" count="0" type="cond" truecount="0" falsecount="2"/>
      <line num="101" count="0" type="stmt"/>
      <line num="103" count="0" type="stmt"/>
      <line num="104" count="0" type="stmt"/>
      <line num="108" count="8" type="stmt"/>
      <line num="109" count="0" type="stmt"/>
      <line num="110" count="0" type="stmt"/>
      <line num="111" count="124" type="stmt"/>
      <line num="112" count="0" type="stmt"/>
      <line num="113" count="0" type="cond" truecount="0" falsecount="1"/>
      <line num="114" count="0" type="stmt"/>
      <line num="115" count="0" type="stmt"/>
      <line num="116" count="0" type="stmt"/>
    </file>
    <file name="string.js" path="C:\Users\Kenneth\Desktop\Ian\Work\Prismo\arr.js-Testing\string.js">
      <metrics statements="20" coveredstatements="12" conditionals="13" coveredconditionals="3" methods="8" coveredmethods="2"/>
      <line num="2" count="8" type="stmt"/>
      <line num="3" count="8" type="stmt"/>
      <line num="6" count="8" type="stmt"/>
      <line num="10" count="8" type="stmt"/>
      <line num="11" count="58" type="cond" truecount="2" falsecount="0"/>
      <line num="12" count="1" type="stmt"/>
      <line num="13" count="57" type="cond" truecount="1" falsecount="1"/>
      <line num="14" count="0" type="stmt"/>
      <line num="16" count="57" type="stmt"/>
      <line num="20" count="8" type="cond" truecount="0" falsecount="2"/>
      <line num="24" count="8" type="stmt"/>
      <line num="25" count="0" type="cond" truecount="0" falsecount="2"/>
      <line num="26" count="0" type="cond" truecount="0" falsecount="5"/>
      <line num="27" count="0" type="stmt"/>
      <line num="29" count="0" type="stmt"/>
      <line num="34" count="8" type="stmt"/>
      <line num="35" count="0" type="stmt"/>
      <line num="36" count="58" type="stmt"/>
      <line num="37" count="0" type="stmt"/>
      <line num="38" count="0" type="stmt"/>
    </file>
    <file name="var.js" path="C:\Users\Kenneth\Desktop\Ian\Work\Prismo\arr.js-Testing\var.js">
      <metrics statements="5" coveredstatements="4" conditionals="4" coveredconditionals="2" methods="4" coveredmethods="2"/>
      <line num="7" count="124" type="cond" truecount="2" falsecount="0"/>
      <line num="10" count="8" type="cond" truecount="0" falsecount="2"/>
      <line num="12" count="8" type="stmt"/>
      <line num="13" count="124" type="stmt"/>
      <line num="14" count="0" type="stmt"/>
    </file>
  </project>
</coverage>
