{"C:\\Users\\Kenneth\\Desktop\\Ian\\Work\\Prismo\\arr.js-Testing\\arr.js": {"path":"C:\\Users\\Kenneth\\Desktop\\Ian\\Work\\Prismo\\arr.js-Testing\\arr.js","statementMap":{"0":{"start":{"line":9,"column":16},"end":{"line":9,"column":35}},"1":{"start":{"line":10,"column":16},"end":{"line":10,"column":31}},"2":{"start":{"line":12,"column":13},"end":{"line":12,"column":29}},"3":{"start":{"line":13,"column":13},"end":{"line":13,"column":22}},"4":{"start":{"line":15,"column":13},"end":{"line":15,"column":29}},"5":{"start":{"line":16,"column":21},"end":{"line":16,"column":38}},"6":{"start":{"line":21,"column":34},"end":{"line":28,"column":1}},"7":{"start":{"line":22,"column":2},"end":{"line":22,"column":20}},"8":{"start":{"line":23,"column":2},"end":{"line":23,"column":20}},"9":{"start":{"line":24,"column":27},"end":{"line":24,"column":31}},"10":{"start":{"line":25,"column":27},"end":{"line":25,"column":31}},"11":{"start":{"line":26,"column":2},"end":{"line":27,"column":54}},"12":{"start":{"line":27,"column":32},"end":{"line":27,"column":52}},"13":{"start":{"line":32,"column":26},"end":{"line":34,"column":1}},"14":{"start":{"line":33,"column":2},"end":{"line":33,"column":66}},"15":{"start":{"line":33,"column":27},"end":{"line":33,"column":65}},"16":{"start":{"line":38,"column":29},"end":{"line":48,"column":1}},"17":{"start":{"line":39,"column":2},"end":{"line":39,"column":18}},"18":{"start":{"line":40,"column":21},"end":{"line":40,"column":24}},"19":{"start":{"line":41,"column":2},"end":{"line":46,"column":3}},"20":{"start":{"line":41,"column":15},"end":{"line":41,"column":16}},"21":{"start":{"line":42,"column":17},"end":{"line":42,"column":23}},"22":{"start":{"line":43,"column":4},"end":{"line":45,"column":5}},"23":{"start":{"line":44,"column":6},"end":{"line":44,"column":15}},"24":{"start":{"line":47,"column":2},"end":{"line":47,"column":12}},"25":{"start":{"line":52,"column":28},"end":{"line":54,"column":1}},"26":{"start":{"line":53,"column":2},"end":{"line":53,"column":68}},"27":{"start":{"line":53,"column":29},"end":{"line":53,"column":67}},"28":{"start":{"line":58,"column":28},"end":{"line":60,"column":1}},"29":{"start":{"line":59,"column":2},"end":{"line":59,"column":68}},"30":{"start":{"line":59,"column":29},"end":{"line":59,"column":67}},"31":{"start":{"line":64,"column":29},"end":{"line":74,"column":1}},"32":{"start":{"line":65,"column":2},"end":{"line":67,"column":3}},"33":{"start":{"line":66,"column":4},"end":{"line":66,"column":15}},"34":{"start":{"line":68,"column":16},"end":{"line":68,"column":27}},"35":{"start":{"line":69,"column":16},"end":{"line":69,"column":27}},"36":{"start":{"line":70,"column":16},"end":{"line":70,"column":27}},"37":{"start":{"line":71,"column":2},"end":{"line":71,"column":24}},"38":{"start":{"line":72,"column":2},"end":{"line":72,"column":24}},"39":{"start":{"line":73,"column":2},"end":{"line":73,"column":15}},"40":{"start":{"line":77,"column":27},"end":{"line":80,"column":6}},"41":{"start":{"line":77,"column":34},"end":{"line":80,"column":6}},"42":{"start":{"line":78,"column":2},"end":{"line":78,"column":25}},"43":{"start":{"line":79,"column":2},"end":{"line":79,"column":13}},"44":{"start":{"line":83,"column":26},"end":{"line":92,"column":1}},"45":{"start":{"line":84,"column":16},"end":{"line":84,"column":41}},"46":{"start":{"line":85,"column":2},"end":{"line":87,"column":5}},"47":{"start":{"line":86,"column":4},"end":{"line":86,"column":49}},"48":{"start":{"line":88,"column":2},"end":{"line":90,"column":3}},"49":{"start":{"line":89,"column":4},"end":{"line":89,"column":20}},"50":{"start":{"line":91,"column":2},"end":{"line":91,"column":15}},"51":{"start":{"line":97,"column":32},"end":{"line":108,"column":1}},"52":{"start":{"line":98,"column":2},"end":{"line":98,"column":18}},"53":{"start":{"line":99,"column":14},"end":{"line":99,"column":16}},"54":{"start":{"line":100,"column":2},"end":{"line":106,"column":5}},"55":{"start":{"line":101,"column":4},"end":{"line":105,"column":7}},"56":{"start":{"line":102,"column":6},"end":{"line":104,"column":7}},"57":{"start":{"line":103,"column":8},"end":{"line":103,"column":27}},"58":{"start":{"line":107,"column":2},"end":{"line":107,"column":13}},"59":{"start":{"line":112,"column":27},"end":{"line":123,"column":1}},"60":{"start":{"line":113,"column":2},"end":{"line":113,"column":18}},"61":{"start":{"line":114,"column":14},"end":{"line":114,"column":16}},"62":{"start":{"line":115,"column":2},"end":{"line":121,"column":5}},"63":{"start":{"line":116,"column":22},"end":{"line":116,"column":39}},"64":{"start":{"line":117,"column":4},"end":{"line":119,"column":5}},"65":{"start":{"line":118,"column":6},"end":{"line":118,"column":26}},"66":{"start":{"line":120,"column":4},"end":{"line":120,"column":27}},"67":{"start":{"line":122,"column":2},"end":{"line":122,"column":13}},"68":{"start":{"line":128,"column":29},"end":{"line":139,"column":1}},"69":{"start":{"line":129,"column":2},"end":{"line":129,"column":18}},"70":{"start":{"line":130,"column":14},"end":{"line":130,"column":16}},"71":{"start":{"line":131,"column":2},"end":{"line":137,"column":5}},"72":{"start":{"line":132,"column":22},"end":{"line":132,"column":27}},"73":{"start":{"line":133,"column":4},"end":{"line":135,"column":5}},"74":{"start":{"line":134,"column":6},"end":{"line":134,"column":26}},"75":{"start":{"line":136,"column":4},"end":{"line":136,"column":27}},"76":{"start":{"line":138,"column":2},"end":{"line":138,"column":13}},"77":{"start":{"line":144,"column":26},"end":{"line":155,"column":1}},"78":{"start":{"line":145,"column":2},"end":{"line":147,"column":3}},"79":{"start":{"line":146,"column":4},"end":{"line":146,"column":15}},"80":{"start":{"line":148,"column":14},"end":{"line":148,"column":16}},"81":{"start":{"line":149,"column":2},"end":{"line":153,"column":5}},"82":{"start":{"line":150,"column":4},"end":{"line":152,"column":5}},"83":{"start":{"line":151,"column":6},"end":{"line":151,"column":21}},"84":{"start":{"line":154,"column":2},"end":{"line":154,"column":13}},"85":{"start":{"line":158,"column":27},"end":{"line":159,"column":38}},"86":{"start":{"line":158,"column":34},"end":{"line":159,"column":38}},"87":{"start":{"line":159,"column":18},"end":{"line":159,"column":37}},"88":{"start":{"line":163,"column":0},"end":{"line":177,"column":1}},"89":{"start":{"line":164,"column":33},"end":{"line":164,"column":60}},"90":{"start":{"line":165,"column":28},"end":{"line":165,"column":49}},"91":{"start":{"line":166,"column":31},"end":{"line":166,"column":55}},"92":{"start":{"line":167,"column":30},"end":{"line":167,"column":53}},"93":{"start":{"line":168,"column":30},"end":{"line":168,"column":53}},"94":{"start":{"line":169,"column":31},"end":{"line":169,"column":55}},"95":{"start":{"line":170,"column":25},"end":{"line":170,"column":43}},"96":{"start":{"line":171,"column":36},"end":{"line":171,"column":57}},"97":{"start":{"line":172,"column":30},"end":{"line":172,"column":53}},"98":{"start":{"line":173,"column":27},"end":{"line":173,"column":47}},"99":{"start":{"line":174,"column":29},"end":{"line":174,"column":51}},"100":{"start":{"line":175,"column":24},"end":{"line":175,"column":41}},"101":{"start":{"line":176,"column":25},"end":{"line":176,"column":43}}},"fnMap":{"0":{"name":"(anonymous_0)","decl":{"start":{"line":21,"column":34},"end":{"line":21,"column":35}},"loc":{"start":{"line":21,"column":50},"end":{"line":28,"column":1}},"line":21},"1":{"name":"(anonymous_1)","decl":{"start":{"line":27,"column":15},"end":{"line":27,"column":16}},"loc":{"start":{"line":27,"column":32},"end":{"line":27,"column":52}},"line":27},"2":{"name":"(anonymous_2)","decl":{"start":{"line":32,"column":26},"end":{"line":32,"column":27}},"loc":{"start":{"line":33,"column":2},"end":{"line":33,"column":66}},"line":33},"3":{"name":"(anonymous_3)","decl":{"start":{"line":33,"column":19},"end":{"line":33,"column":20}},"loc":{"start":{"line":33,"column":27},"end":{"line":33,"column":65}},"line":33},"4":{"name":"(anonymous_4)","decl":{"start":{"line":38,"column":29},"end":{"line":38,"column":30}},"loc":{"start":{"line":38,"column":59},"end":{"line":48,"column":1}},"line":38},"5":{"name":"(anonymous_5)","decl":{"start":{"line":52,"column":28},"end":{"line":52,"column":29}},"loc":{"start":{"line":53,"column":2},"end":{"line":53,"column":68}},"line":53},"6":{"name":"(anonymous_6)","decl":{"start":{"line":53,"column":21},"end":{"line":53,"column":22}},"loc":{"start":{"line":53,"column":29},"end":{"line":53,"column":67}},"line":53},"7":{"name":"(anonymous_7)","decl":{"start":{"line":58,"column":28},"end":{"line":58,"column":29}},"loc":{"start":{"line":59,"column":2},"end":{"line":59,"column":68}},"line":59},"8":{"name":"(anonymous_8)","decl":{"start":{"line":59,"column":21},"end":{"line":59,"column":22}},"loc":{"start":{"line":59,"column":29},"end":{"line":59,"column":67}},"line":59},"9":{"name":"(anonymous_9)","decl":{"start":{"line":64,"column":29},"end":{"line":64,"column":30}},"loc":{"start":{"line":64,"column":54},"end":{"line":74,"column":1}},"line":64},"10":{"name":"(anonymous_10)","decl":{"start":{"line":77,"column":27},"end":{"line":77,"column":28}},"loc":{"start":{"line":77,"column":34},"end":{"line":80,"column":6}},"line":77},"11":{"name":"(anonymous_11)","decl":{"start":{"line":77,"column":53},"end":{"line":77,"column":54}},"loc":{"start":{"line":77,"column":68},"end":{"line":80,"column":1}},"line":77},"12":{"name":"(anonymous_12)","decl":{"start":{"line":83,"column":26},"end":{"line":83,"column":27}},"loc":{"start":{"line":83,"column":59},"end":{"line":92,"column":1}},"line":83},"13":{"name":"(anonymous_13)","decl":{"start":{"line":85,"column":13},"end":{"line":85,"column":14}},"loc":{"start":{"line":86,"column":4},"end":{"line":86,"column":49}},"line":86},"14":{"name":"(anonymous_14)","decl":{"start":{"line":97,"column":32},"end":{"line":97,"column":33}},"loc":{"start":{"line":97,"column":39},"end":{"line":108,"column":1}},"line":97},"15":{"name":"(anonymous_15)","decl":{"start":{"line":100,"column":14},"end":{"line":100,"column":15}},"loc":{"start":{"line":100,"column":19},"end":{"line":106,"column":3}},"line":100},"16":{"name":"(anonymous_16)","decl":{"start":{"line":101,"column":16},"end":{"line":101,"column":17}},"loc":{"start":{"line":101,"column":21},"end":{"line":105,"column":5}},"line":101},"17":{"name":"(anonymous_17)","decl":{"start":{"line":112,"column":27},"end":{"line":112,"column":28}},"loc":{"start":{"line":112,"column":46},"end":{"line":123,"column":1}},"line":112},"18":{"name":"(anonymous_18)","decl":{"start":{"line":115,"column":14},"end":{"line":115,"column":15}},"loc":{"start":{"line":115,"column":19},"end":{"line":121,"column":3}},"line":115},"19":{"name":"(anonymous_19)","decl":{"start":{"line":128,"column":29},"end":{"line":128,"column":30}},"loc":{"start":{"line":128,"column":42},"end":{"line":139,"column":1}},"line":128},"20":{"name":"(anonymous_20)","decl":{"start":{"line":131,"column":14},"end":{"line":131,"column":15}},"loc":{"start":{"line":131,"column":19},"end":{"line":137,"column":3}},"line":131},"21":{"name":"(anonymous_21)","decl":{"start":{"line":144,"column":26},"end":{"line":144,"column":27}},"loc":{"start":{"line":144,"column":33},"end":{"line":155,"column":1}},"line":144},"22":{"name":"(anonymous_22)","decl":{"start":{"line":149,"column":14},"end":{"line":149,"column":15}},"loc":{"start":{"line":149,"column":22},"end":{"line":153,"column":3}},"line":149},"23":{"name":"(anonymous_23)","decl":{"start":{"line":158,"column":27},"end":{"line":158,"column":28}},"loc":{"start":{"line":158,"column":34},"end":{"line":159,"column":38}},"line":158},"24":{"name":"(anonymous_24)","decl":{"start":{"line":159,"column":10},"end":{"line":159,"column":11}},"loc":{"start":{"line":159,"column":18},"end":{"line":159,"column":37}},"line":159},"25":{"name":"(anonymous_25)","decl":{"start":{"line":164,"column":18},"end":{"line":164,"column":19}},"loc":{"start":{"line":164,"column":32},"end":{"line":164,"column":62}},"line":164},"26":{"name":"(anonymous_26)","decl":{"start":{"line":165,"column":10},"end":{"line":165,"column":11}},"loc":{"start":{"line":165,"column":26},"end":{"line":165,"column":51}},"line":165},"27":{"name":"(anonymous_27)","decl":{"start":{"line":166,"column":13},"end":{"line":166,"column":14}},"loc":{"start":{"line":166,"column":29},"end":{"line":166,"column":57}},"line":166},"28":{"name":"(anonymous_28)","decl":{"start":{"line":167,"column":12},"end":{"line":167,"column":13}},"loc":{"start":{"line":167,"column":28},"end":{"line":167,"column":55}},"line":167},"29":{"name":"(anonymous_29)","decl":{"start":{"line":168,"column":12},"end":{"line":168,"column":13}},"loc":{"start":{"line":168,"column":28},"end":{"line":168,"column":55}},"line":168},"30":{"name":"(anonymous_30)","decl":{"start":{"line":169,"column":13},"end":{"line":169,"column":14}},"loc":{"start":{"line":169,"column":29},"end":{"line":169,"column":57}},"line":169},"31":{"name":"(anonymous_31)","decl":{"start":{"line":170,"column":11},"end":{"line":170,"column":12}},"loc":{"start":{"line":170,"column":23},"end":{"line":170,"column":45}},"line":170},"32":{"name":"(anonymous_32)","decl":{"start":{"line":171,"column":10},"end":{"line":171,"column":11}},"loc":{"start":{"line":171,"column":34},"end":{"line":171,"column":59}},"line":171},"33":{"name":"(anonymous_33)","decl":{"start":{"line":172,"column":16},"end":{"line":172,"column":17}},"loc":{"start":{"line":172,"column":28},"end":{"line":172,"column":55}},"line":172},"34":{"name":"(anonymous_34)","decl":{"start":{"line":173,"column":11},"end":{"line":173,"column":12}},"loc":{"start":{"line":173,"column":25},"end":{"line":173,"column":49}},"line":173},"35":{"name":"(anonymous_35)","decl":{"start":{"line":174,"column":13},"end":{"line":174,"column":14}},"loc":{"start":{"line":174,"column":27},"end":{"line":174,"column":53}},"line":174},"36":{"name":"(anonymous_36)","decl":{"start":{"line":175,"column":10},"end":{"line":175,"column":11}},"loc":{"start":{"line":175,"column":22},"end":{"line":175,"column":43}},"line":175},"37":{"name":"(anonymous_37)","decl":{"start":{"line":176,"column":11},"end":{"line":176,"column":12}},"loc":{"start":{"line":176,"column":23},"end":{"line":176,"column":45}},"line":176}},"branchMap":{"0":{"loc":{"start":{"line":22,"column":9},"end":{"line":22,"column":19}},"type":"binary-expr","locations":[{"start":{"line":22,"column":9},"end":{"line":22,"column":13}},{"start":{"line":22,"column":17},"end":{"line":22,"column":19}}],"line":22},"1":{"loc":{"start":{"line":23,"column":9},"end":{"line":23,"column":19}},"type":"binary-expr","locations":[{"start":{"line":23,"column":9},"end":{"line":23,"column":13}},{"start":{"line":23,"column":17},"end":{"line":23,"column":19}}],"line":23},"2":{"loc":{"start":{"line":26,"column":9},"end":{"line":27,"column":53}},"type":"binary-expr","locations":[{"start":{"line":26,"column":10},"end":{"line":26,"column":23}},{"start":{"line":27,"column":4},"end":{"line":27,"column":53}}],"line":26},"3":{"loc":{"start":{"line":33,"column":3},"end":{"line":33,"column":12}},"type":"binary-expr","locations":[{"start":{"line":33,"column":3},"end":{"line":33,"column":6}},{"start":{"line":33,"column":10},"end":{"line":33,"column":12}}],"line":33},"4":{"loc":{"start":{"line":33,"column":28},"end":{"line":33,"column":50}},"type":"binary-expr","locations":[{"start":{"line":33,"column":28},"end":{"line":33,"column":32}},{"start":{"line":33,"column":36},"end":{"line":33,"column":50}}],"line":33},"5":{"loc":{"start":{"line":39,"column":8},"end":{"line":39,"column":17}},"type":"binary-expr","locations":[{"start":{"line":39,"column":8},"end":{"line":39,"column":11}},{"start":{"line":39,"column":15},"end":{"line":39,"column":17}}],"line":39},"6":{"loc":{"start":{"line":43,"column":4},"end":{"line":45,"column":5}},"type":"if","locations":[{"start":{"line":43,"column":4},"end":{"line":45,"column":5}},{"start":{"line":43,"column":4},"end":{"line":45,"column":5}}],"line":43},"7":{"loc":{"start":{"line":43,"column":8},"end":{"line":43,"column":44}},"type":"binary-expr","locations":[{"start":{"line":43,"column":8},"end":{"line":43,"column":12}},{"start":{"line":43,"column":16},"end":{"line":43,"column":44}}],"line":43},"8":{"loc":{"start":{"line":53,"column":3},"end":{"line":53,"column":12}},"type":"binary-expr","locations":[{"start":{"line":53,"column":3},"end":{"line":53,"column":6}},{"start":{"line":53,"column":10},"end":{"line":53,"column":12}}],"line":53},"9":{"loc":{"start":{"line":53,"column":30},"end":{"line":53,"column":52}},"type":"binary-expr","locations":[{"start":{"line":53,"column":30},"end":{"line":53,"column":34}},{"start":{"line":53,"column":38},"end":{"line":53,"column":52}}],"line":53},"10":{"loc":{"start":{"line":59,"column":3},"end":{"line":59,"column":12}},"type":"binary-expr","locations":[{"start":{"line":59,"column":3},"end":{"line":59,"column":6}},{"start":{"line":59,"column":10},"end":{"line":59,"column":12}}],"line":59},"11":{"loc":{"start":{"line":59,"column":30},"end":{"line":59,"column":52}},"type":"binary-expr","locations":[{"start":{"line":59,"column":30},"end":{"line":59,"column":34}},{"start":{"line":59,"column":38},"end":{"line":59,"column":52}}],"line":59},"12":{"loc":{"start":{"line":65,"column":2},"end":{"line":67,"column":3}},"type":"if","locations":[{"start":{"line":65,"column":2},"end":{"line":67,"column":3}},{"start":{"line":65,"column":2},"end":{"line":67,"column":3}}],"line":65},"13":{"loc":{"start":{"line":77,"column":35},"end":{"line":77,"column":44}},"type":"binary-expr","locations":[{"start":{"line":77,"column":35},"end":{"line":77,"column":38}},{"start":{"line":77,"column":42},"end":{"line":77,"column":44}}],"line":77},"14":{"loc":{"start":{"line":83,"column":42},"end":{"line":83,"column":54}},"type":"default-arg","locations":[{"start":{"line":83,"column":49},"end":{"line":83,"column":54}}],"line":83},"15":{"loc":{"start":{"line":84,"column":16},"end":{"line":84,"column":41}},"type":"cond-expr","locations":[{"start":{"line":84,"column":22},"end":{"line":84,"column":36}},{"start":{"line":84,"column":39},"end":{"line":84,"column":41}}],"line":84},"16":{"loc":{"start":{"line":88,"column":2},"end":{"line":90,"column":3}},"type":"if","locations":[{"start":{"line":88,"column":2},"end":{"line":90,"column":3}},{"start":{"line":88,"column":2},"end":{"line":90,"column":3}}],"line":88},"17":{"loc":{"start":{"line":98,"column":8},"end":{"line":98,"column":17}},"type":"binary-expr","locations":[{"start":{"line":98,"column":8},"end":{"line":98,"column":11}},{"start":{"line":98,"column":15},"end":{"line":98,"column":17}}],"line":98},"18":{"loc":{"start":{"line":102,"column":6},"end":{"line":104,"column":7}},"type":"if","locations":[{"start":{"line":102,"column":6},"end":{"line":104,"column":7}},{"start":{"line":102,"column":6},"end":{"line":104,"column":7}}],"line":102},"19":{"loc":{"start":{"line":113,"column":8},"end":{"line":113,"column":17}},"type":"binary-expr","locations":[{"start":{"line":113,"column":8},"end":{"line":113,"column":11}},{"start":{"line":113,"column":15},"end":{"line":113,"column":17}}],"line":113},"20":{"loc":{"start":{"line":117,"column":4},"end":{"line":119,"column":5}},"type":"if","locations":[{"start":{"line":117,"column":4},"end":{"line":119,"column":5}},{"start":{"line":117,"column":4},"end":{"line":119,"column":5}}],"line":117},"21":{"loc":{"start":{"line":129,"column":8},"end":{"line":129,"column":17}},"type":"binary-expr","locations":[{"start":{"line":129,"column":8},"end":{"line":129,"column":11}},{"start":{"line":129,"column":15},"end":{"line":129,"column":17}}],"line":129},"22":{"loc":{"start":{"line":133,"column":4},"end":{"line":135,"column":5}},"type":"if","locations":[{"start":{"line":133,"column":4},"end":{"line":135,"column":5}},{"start":{"line":133,"column":4},"end":{"line":135,"column":5}}],"line":133},"23":{"loc":{"start":{"line":145,"column":2},"end":{"line":147,"column":3}},"type":"if","locations":[{"start":{"line":145,"column":2},"end":{"line":147,"column":3}},{"start":{"line":145,"column":2},"end":{"line":147,"column":3}}],"line":145},"24":{"loc":{"start":{"line":145,"column":6},"end":{"line":145,"column":25}},"type":"binary-expr","locations":[{"start":{"line":145,"column":6},"end":{"line":145,"column":10}},{"start":{"line":145,"column":14},"end":{"line":145,"column":25}}],"line":145},"25":{"loc":{"start":{"line":150,"column":4},"end":{"line":152,"column":5}},"type":"if","locations":[{"start":{"line":150,"column":4},"end":{"line":152,"column":5}},{"start":{"line":150,"column":4},"end":{"line":152,"column":5}}],"line":150},"26":{"loc":{"start":{"line":158,"column":35},"end":{"line":158,"column":44}},"type":"binary-expr","locations":[{"start":{"line":158,"column":35},"end":{"line":158,"column":38}},{"start":{"line":158,"column":42},"end":{"line":158,"column":44}}],"line":158},"27":{"loc":{"start":{"line":171,"column":23},"end":{"line":171,"column":32}},"type":"default-arg","locations":[{"start":{"line":171,"column":27},"end":{"line":171,"column":32}}],"line":171}},"s":{"0":1,"1":1,"2":1,"3":1,"4":1,"5":1,"6":1,"7":0,"8":0,"9":0,"10":0,"11":0,"12":0,"13":1,"14":0,"15":0,"16":1,"17":0,"18":0,"19":0,"20":0,"21":0,"22":0,"23":0,"24":0,"25":1,"26":0,"27":0,"28":1,"29":0,"30":0,"31":1,"32":0,"33":0,"34":0,"35":0,"36":0,"37":0,"38":0,"39":0,"40":1,"41":0,"42":0,"43":0,"44":1,"45":0,"46":0,"47":0,"48":0,"49":0,"50":0,"51":1,"52":0,"53":0,"54":0,"55":0,"56":0,"57":0,"58":0,"59":1,"60":192,"61":192,"62":192,"63":45,"64":35,"65":13,"66":35,"67":98,"68":1,"69":0,"70":0,"71":0,"72":0,"73":0,"74":0,"75":0,"76":0,"77":1,"78":0,"79":0,"80":0,"81":0,"82":0,"83":0,"84":0,"85":1,"86":0,"87":0,"88":1,"89":0,"90":0,"91":0,"92":0,"93":0,"94":0,"95":0,"96":0,"97":0,"98":192,"99":0,"100":0,"101":0},"f":{"0":0,"1":0,"2":0,"3":0,"4":0,"5":0,"6":0,"7":0,"8":0,"9":0,"10":0,"11":0,"12":0,"13":0,"14":0,"15":0,"16":0,"17":192,"18":45,"19":0,"20":0,"21":0,"22":0,"23":0,"24":0,"25":0,"26":0,"27":0,"28":0,"29":0,"30":0,"31":0,"32":0,"33":0,"34":192,"35":0,"36":0,"37":0},"b":{"0":[0,0],"1":[0,0],"2":[0,0],"3":[0,0],"4":[0,0],"5":[0,0],"6":[0,0],"7":[0,0],"8":[0,0],"9":[0,0],"10":[0,0],"11":[0,0],"12":[0,0],"13":[0,0],"14":[0],"15":[0,0],"16":[0,0],"17":[0,0],"18":[0,0],"19":[192,70],"20":[13,22],"21":[0,0],"22":[0,0],"23":[0,0],"24":[0,0],"25":[0,0],"26":[0,0],"27":[0]},"_coverageSchema":"43e27e138ebf9cfc5966b082cf9a028302ed4184","hash":"dcefc1793888f1f6e7b5769bcd1d731ede037b6d"}
,"C:\\Users\\Kenneth\\Desktop\\Ian\\Work\\Prismo\\arr.js-Testing\\obj.js": {"path":"C:\\Users\\Kenneth\\Desktop\\Ian\\Work\\Prismo\\arr.js-Testing\\obj.js","statementMap":{"0":{"start":{"line":2,"column":17},"end":{"line":2,"column":33}},"1":{"start":{"line":3,"column":0},"end":{"line":3,"column":37}},"2":{"start":{"line":7,"column":27},"end":{"line":18,"column":1}},"3":{"start":{"line":8,"column":2},"end":{"line":10,"column":3}},"4":{"start":{"line":9,"column":4},"end":{"line":9,"column":16}},"5":{"start":{"line":12,"column":2},"end":{"line":16,"column":3}},"6":{"start":{"line":13,"column":4},"end":{"line":15,"column":5}},"7":{"start":{"line":14,"column":6},"end":{"line":14,"column":19}},"8":{"start":{"line":17,"column":2},"end":{"line":17,"column":14}},"9":{"start":{"line":24,"column":34},"end":{"line":31,"column":1}},"10":{"start":{"line":25,"column":2},"end":{"line":25,"column":22}},"11":{"start":{"line":26,"column":2},"end":{"line":26,"column":22}},"12":{"start":{"line":27,"column":16},"end":{"line":27,"column":42}},"13":{"start":{"line":28,"column":16},"end":{"line":28,"column":42}},"14":{"start":{"line":29,"column":2},"end":{"line":30,"column":50}},"15":{"start":{"line":30,"column":23},"end":{"line":30,"column":48}},"16":{"start":{"line":36,"column":24},"end":{"line":49,"column":1}},"17":{"start":{"line":37,"column":2},"end":{"line":39,"column":3}},"18":{"start":{"line":38,"column":4},"end":{"line":38,"column":16}},"19":{"start":{"line":40,"column":2},"end":{"line":40,"column":23}},"20":{"start":{"line":41,"column":16},"end":{"line":41,"column":33}},"21":{"start":{"line":42,"column":12},"end":{"line":42,"column":16}},"22":{"start":{"line":43,"column":13},"end":{"line":43,"column":26}},"23":{"start":{"line":44,"column":2},"end":{"line":47,"column":3}},"24":{"start":{"line":45,"column":4},"end":{"line":45,"column":20}},"25":{"start":{"line":46,"column":4},"end":{"line":46,"column":25}},"26":{"start":{"line":48,"column":2},"end":{"line":48,"column":13}},"27":{"start":{"line":53,"column":31},"end":{"line":57,"column":1}},"28":{"start":{"line":54,"column":2},"end":{"line":56,"column":5}},"29":{"start":{"line":55,"column":4},"end":{"line":55,"column":39}},"30":{"start":{"line":61,"column":29},"end":{"line":67,"column":1}},"31":{"start":{"line":62,"column":2},"end":{"line":62,"column":32}},"32":{"start":{"line":63,"column":2},"end":{"line":65,"column":5}},"33":{"start":{"line":64,"column":4},"end":{"line":64,"column":38}},"34":{"start":{"line":66,"column":2},"end":{"line":66,"column":18}},"35":{"start":{"line":71,"column":37},"end":{"line":77,"column":1}},"36":{"start":{"line":72,"column":15},"end":{"line":72,"column":38}},"37":{"start":{"line":73,"column":2},"end":{"line":75,"column":3}},"38":{"start":{"line":74,"column":4},"end":{"line":74,"column":16}},"39":{"start":{"line":76,"column":2},"end":{"line":76,"column":36}},"40":{"start":{"line":76,"column":25},"end":{"line":76,"column":34}},"41":{"start":{"line":84,"column":31},"end":{"line":89,"column":16}},"42":{"start":{"line":84,"column":53},"end":{"line":89,"column":16}},"43":{"start":{"line":86,"column":16},"end":{"line":86,"column":27}},"44":{"start":{"line":87,"column":4},"end":{"line":87,"column":20}},"45":{"start":{"line":88,"column":4},"end":{"line":88,"column":15}},"46":{"start":{"line":97,"column":37},"end":{"line":105,"column":16}},"47":{"start":{"line":97,"column":59},"end":{"line":105,"column":16}},"48":{"start":{"line":99,"column":16},"end":{"line":99,"column":27}},"49":{"start":{"line":100,"column":4},"end":{"line":102,"column":5}},"50":{"start":{"line":101,"column":6},"end":{"line":101,"column":20}},"51":{"start":{"line":103,"column":4},"end":{"line":103,"column":24}},"52":{"start":{"line":104,"column":4},"end":{"line":104,"column":15}},"53":{"start":{"line":108,"column":0},"end":{"line":117,"column":1}},"54":{"start":{"line":109,"column":27},"end":{"line":109,"column":48}},"55":{"start":{"line":110,"column":48},"end":{"line":110,"column":90}},"56":{"start":{"line":111,"column":37},"end":{"line":111,"column":68}},"57":{"start":{"line":112,"column":44},"end":{"line":112,"column":82}},"58":{"start":{"line":113,"column":61},"end":{"line":113,"column":111}},"59":{"start":{"line":114,"column":45},"end":{"line":114,"column":84}},"60":{"start":{"line":115,"column":43},"end":{"line":115,"column":80}},"61":{"start":{"line":116,"column":49},"end":{"line":116,"column":92}}},"fnMap":{"0":{"name":"(anonymous_0)","decl":{"start":{"line":7,"column":27},"end":{"line":7,"column":28}},"loc":{"start":{"line":7,"column":35},"end":{"line":18,"column":1}},"line":7},"1":{"name":"(anonymous_1)","decl":{"start":{"line":24,"column":34},"end":{"line":24,"column":35}},"loc":{"start":{"line":24,"column":58},"end":{"line":31,"column":1}},"line":24},"2":{"name":"(anonymous_2)","decl":{"start":{"line":30,"column":16},"end":{"line":30,"column":17}},"loc":{"start":{"line":30,"column":23},"end":{"line":30,"column":48}},"line":30},"3":{"name":"(anonymous_3)","decl":{"start":{"line":36,"column":24},"end":{"line":36,"column":25}},"loc":{"start":{"line":36,"column":47},"end":{"line":49,"column":1}},"line":36},"4":{"name":"(anonymous_4)","decl":{"start":{"line":53,"column":31},"end":{"line":53,"column":32}},"loc":{"start":{"line":53,"column":54},"end":{"line":57,"column":1}},"line":53},"5":{"name":"(anonymous_5)","decl":{"start":{"line":54,"column":30},"end":{"line":54,"column":31}},"loc":{"start":{"line":54,"column":38},"end":{"line":56,"column":3}},"line":54},"6":{"name":"(anonymous_6)","decl":{"start":{"line":61,"column":29},"end":{"line":61,"column":30}},"loc":{"start":{"line":61,"column":71},"end":{"line":67,"column":1}},"line":61},"7":{"name":"(anonymous_7)","decl":{"start":{"line":63,"column":28},"end":{"line":63,"column":29}},"loc":{"start":{"line":63,"column":36},"end":{"line":65,"column":3}},"line":63},"8":{"name":"(anonymous_8)","decl":{"start":{"line":71,"column":37},"end":{"line":71,"column":38}},"loc":{"start":{"line":71,"column":55},"end":{"line":77,"column":1}},"line":71},"9":{"name":"(anonymous_9)","decl":{"start":{"line":76,"column":18},"end":{"line":76,"column":19}},"loc":{"start":{"line":76,"column":25},"end":{"line":76,"column":34}},"line":76},"10":{"name":"(anonymous_10)","decl":{"start":{"line":84,"column":31},"end":{"line":84,"column":32}},"loc":{"start":{"line":84,"column":53},"end":{"line":89,"column":16}},"line":84},"11":{"name":"(anonymous_11)","decl":{"start":{"line":85,"column":10},"end":{"line":85,"column":11}},"loc":{"start":{"line":85,"column":25},"end":{"line":89,"column":3}},"line":85},"12":{"name":"(anonymous_12)","decl":{"start":{"line":97,"column":37},"end":{"line":97,"column":38}},"loc":{"start":{"line":97,"column":59},"end":{"line":105,"column":16}},"line":97},"13":{"name":"(anonymous_13)","decl":{"start":{"line":98,"column":10},"end":{"line":98,"column":11}},"loc":{"start":{"line":98,"column":25},"end":{"line":105,"column":3}},"line":98},"14":{"name":"(anonymous_14)","decl":{"start":{"line":109,"column":11},"end":{"line":109,"column":12}},"loc":{"start":{"line":109,"column":26},"end":{"line":109,"column":50}},"line":109},"15":{"name":"(anonymous_15)","decl":{"start":{"line":110,"column":18},"end":{"line":110,"column":19}},"loc":{"start":{"line":110,"column":47},"end":{"line":110,"column":91}},"line":110},"16":{"name":"(anonymous_16)","decl":{"start":{"line":111,"column":8},"end":{"line":111,"column":9}},"loc":{"start":{"line":111,"column":36},"end":{"line":111,"column":69}},"line":111},"17":{"name":"(anonymous_17)","decl":{"start":{"line":112,"column":15},"end":{"line":112,"column":16}},"loc":{"start":{"line":112,"column":43},"end":{"line":112,"column":83}},"line":112},"18":{"name":"(anonymous_18)","decl":{"start":{"line":113,"column":13},"end":{"line":113,"column":14}},"loc":{"start":{"line":113,"column":60},"end":{"line":113,"column":112}},"line":113},"19":{"name":"(anonymous_19)","decl":{"start":{"line":114,"column":21},"end":{"line":114,"column":22}},"loc":{"start":{"line":114,"column":44},"end":{"line":114,"column":85}},"line":114},"20":{"name":"(anonymous_20)","decl":{"start":{"line":115,"column":15},"end":{"line":115,"column":16}},"loc":{"start":{"line":115,"column":42},"end":{"line":115,"column":81}},"line":115},"21":{"name":"(anonymous_21)","decl":{"start":{"line":116,"column":21},"end":{"line":116,"column":22}},"loc":{"start":{"line":116,"column":48},"end":{"line":116,"column":93}},"line":116}},"branchMap":{"0":{"loc":{"start":{"line":8,"column":2},"end":{"line":10,"column":3}},"type":"if","locations":[{"start":{"line":8,"column":2},"end":{"line":10,"column":3}},{"start":{"line":8,"column":2},"end":{"line":10,"column":3}}],"line":8},"1":{"loc":{"start":{"line":13,"column":4},"end":{"line":15,"column":5}},"type":"if","locations":[{"start":{"line":13,"column":4},"end":{"line":15,"column":5}},{"start":{"line":13,"column":4},"end":{"line":15,"column":5}}],"line":13},"2":{"loc":{"start":{"line":25,"column":10},"end":{"line":25,"column":21}},"type":"binary-expr","locations":[{"start":{"line":25,"column":10},"end":{"line":25,"column":15}},{"start":{"line":25,"column":19},"end":{"line":25,"column":21}}],"line":25},"3":{"loc":{"start":{"line":26,"column":10},"end":{"line":26,"column":21}},"type":"binary-expr","locations":[{"start":{"line":26,"column":10},"end":{"line":26,"column":15}},{"start":{"line":26,"column":19},"end":{"line":26,"column":21}}],"line":26},"4":{"loc":{"start":{"line":27,"column":16},"end":{"line":27,"column":42}},"type":"binary-expr","locations":[{"start":{"line":27,"column":16},"end":{"line":27,"column":20}},{"start":{"line":27,"column":24},"end":{"line":27,"column":42}}],"line":27},"5":{"loc":{"start":{"line":28,"column":16},"end":{"line":28,"column":42}},"type":"binary-expr","locations":[{"start":{"line":28,"column":16},"end":{"line":28,"column":20}},{"start":{"line":28,"column":24},"end":{"line":28,"column":42}}],"line":28},"6":{"loc":{"start":{"line":29,"column":9},"end":{"line":30,"column":49}},"type":"binary-expr","locations":[{"start":{"line":29,"column":10},"end":{"line":29,"column":39}},{"start":{"line":30,"column":4},"end":{"line":30,"column":49}}],"line":29},"7":{"loc":{"start":{"line":37,"column":2},"end":{"line":39,"column":3}},"type":"if","locations":[{"start":{"line":37,"column":2},"end":{"line":39,"column":3}},{"start":{"line":37,"column":2},"end":{"line":39,"column":3}}],"line":37},"8":{"loc":{"start":{"line":40,"column":10},"end":{"line":40,"column":22}},"type":"binary-expr","locations":[{"start":{"line":40,"column":10},"end":{"line":40,"column":15}},{"start":{"line":40,"column":19},"end":{"line":40,"column":22}}],"line":40},"9":{"loc":{"start":{"line":44,"column":9},"end":{"line":44,"column":50}},"type":"binary-expr","locations":[{"start":{"line":44,"column":9},"end":{"line":44,"column":21}},{"start":{"line":44,"column":25},"end":{"line":44,"column":42}},{"start":{"line":44,"column":46},"end":{"line":44,"column":50}}],"line":44},"10":{"loc":{"start":{"line":54,"column":3},"end":{"line":54,"column":20}},"type":"binary-expr","locations":[{"start":{"line":54,"column":3},"end":{"line":54,"column":14}},{"start":{"line":54,"column":18},"end":{"line":54,"column":20}}],"line":54},"11":{"loc":{"start":{"line":61,"column":53},"end":{"line":61,"column":66}},"type":"default-arg","locations":[{"start":{"line":61,"column":64},"end":{"line":61,"column":66}}],"line":61},"12":{"loc":{"start":{"line":62,"column":15},"end":{"line":62,"column":31}},"type":"binary-expr","locations":[{"start":{"line":62,"column":15},"end":{"line":62,"column":25}},{"start":{"line":62,"column":29},"end":{"line":62,"column":31}}],"line":62},"13":{"loc":{"start":{"line":63,"column":3},"end":{"line":63,"column":18}},"type":"binary-expr","locations":[{"start":{"line":63,"column":3},"end":{"line":63,"column":12}},{"start":{"line":63,"column":16},"end":{"line":63,"column":18}}],"line":63},"14":{"loc":{"start":{"line":72,"column":27},"end":{"line":72,"column":37}},"type":"binary-expr","locations":[{"start":{"line":72,"column":27},"end":{"line":72,"column":31}},{"start":{"line":72,"column":35},"end":{"line":72,"column":37}}],"line":72},"15":{"loc":{"start":{"line":73,"column":2},"end":{"line":75,"column":3}},"type":"if","locations":[{"start":{"line":73,"column":2},"end":{"line":75,"column":3}},{"start":{"line":73,"column":2},"end":{"line":75,"column":3}}],"line":73},"16":{"loc":{"start":{"line":84,"column":54},"end":{"line":84,"column":63}},"type":"binary-expr","locations":[{"start":{"line":84,"column":54},"end":{"line":84,"column":57}},{"start":{"line":84,"column":61},"end":{"line":84,"column":63}}],"line":84},"17":{"loc":{"start":{"line":89,"column":5},"end":{"line":89,"column":15}},"type":"binary-expr","locations":[{"start":{"line":89,"column":5},"end":{"line":89,"column":9}},{"start":{"line":89,"column":13},"end":{"line":89,"column":15}}],"line":89},"18":{"loc":{"start":{"line":97,"column":60},"end":{"line":97,"column":69}},"type":"binary-expr","locations":[{"start":{"line":97,"column":60},"end":{"line":97,"column":63}},{"start":{"line":97,"column":67},"end":{"line":97,"column":69}}],"line":97},"19":{"loc":{"start":{"line":100,"column":4},"end":{"line":102,"column":5}},"type":"if","locations":[{"start":{"line":100,"column":4},"end":{"line":102,"column":5}},{"start":{"line":100,"column":4},"end":{"line":102,"column":5}}],"line":100},"20":{"loc":{"start":{"line":105,"column":5},"end":{"line":105,"column":15}},"type":"binary-expr","locations":[{"start":{"line":105,"column":5},"end":{"line":105,"column":9}},{"start":{"line":105,"column":13},"end":{"line":105,"column":15}}],"line":105},"21":{"loc":{"start":{"line":113,"column":45},"end":{"line":113,"column":58}},"type":"default-arg","locations":[{"start":{"line":113,"column":56},"end":{"line":113,"column":58}}],"line":113}},"s":{"0":1,"1":1,"2":1,"3":0,"4":0,"5":0,"6":0,"7":0,"8":0,"9":1,"10":0,"11":0,"12":0,"13":0,"14":0,"15":0,"16":1,"17":45,"18":21,"19":24,"20":24,"21":14,"22":14,"23":14,"24":11,"25":11,"26":14,"27":1,"28":0,"29":0,"30":1,"31":0,"32":0,"33":0,"34":0,"35":1,"36":0,"37":0,"38":0,"39":0,"40":0,"41":1,"42":0,"43":0,"44":0,"45":0,"46":1,"47":0,"48":0,"49":0,"50":0,"51":0,"52":0,"53":1,"54":0,"55":0,"56":45,"57":0,"58":0,"59":0,"60":0,"61":0},"f":{"0":0,"1":0,"2":0,"3":45,"4":0,"5":0,"6":0,"7":0,"8":0,"9":0,"10":0,"11":0,"12":0,"13":0,"14":0,"15":0,"16":45,"17":0,"18":0,"19":0,"20":0,"21":0},"b":{"0":[0,0],"1":[0,0],"2":[0,0],"3":[0,0],"4":[0,0],"5":[0,0],"6":[0,0],"7":[21,24],"8":[24,24],"9":[25,25,18],"10":[0,0],"11":[0],"12":[0,0],"13":[0,0],"14":[0,0],"15":[0,0],"16":[0,0],"17":[0,0],"18":[0,0],"19":[0,0],"20":[0,0],"21":[0]},"_coverageSchema":"43e27e138ebf9cfc5966b082cf9a028302ed4184","hash":"5088ae26a7c3f4a5f477fd4764672cf3088fbd3c"}
,"C:\\Users\\Kenneth\\Desktop\\Ian\\Work\\Prismo\\arr.js-Testing\\string.js": {"path":"C:\\Users\\Kenneth\\Desktop\\Ian\\Work\\Prismo\\arr.js-Testing\\string.js","statementMap":{"0":{"start":{"line":2,"column":17},"end":{"line":2,"column":33}},"1":{"start":{"line":3,"column":16},"end":{"line":3,"column":32}},"2":{"start":{"line":6,"column":29},"end":{"line":6,"column":71}},"3":{"start":{"line":6,"column":36},"end":{"line":6,"column":71}},"4":{"start":{"line":10,"column":27},"end":{"line":18,"column":1}},"5":{"start":{"line":11,"column":2},"end":{"line":17,"column":3}},"6":{"start":{"line":12,"column":4},"end":{"line":12,"column":14}},"7":{"start":{"line":13,"column":9},"end":{"line":17,"column":3}},"8":{"start":{"line":14,"column":4},"end":{"line":14,"column":13}},"9":{"start":{"line":16,"column":4},"end":{"line":16,"column":13}},"10":{"start":{"line":20,"column":27},"end":{"line":20,"column":76}},"11":{"start":{"line":20,"column":34},"end":{"line":20,"column":76}},"12":{"start":{"line":24,"column":27},"end":{"line":31,"column":1}},"13":{"start":{"line":25,"column":2},"end":{"line":25,"column":18}},"14":{"start":{"line":26,"column":2},"end":{"line":30,"column":3}},"15":{"start":{"line":27,"column":4},"end":{"line":27,"column":46}},"16":{"start":{"line":29,"column":4},"end":{"line":29,"column":15}},"17":{"start":{"line":34,"column":0},"end":{"line":39,"column":1}},"18":{"start":{"line":35,"column":27},"end":{"line":35,"column":47}},"19":{"start":{"line":36,"column":26},"end":{"line":36,"column":46}},"20":{"start":{"line":37,"column":25},"end":{"line":37,"column":43}},"21":{"start":{"line":38,"column":27},"end":{"line":38,"column":47}}},"fnMap":{"0":{"name":"(anonymous_0)","decl":{"start":{"line":6,"column":29},"end":{"line":6,"column":30}},"loc":{"start":{"line":6,"column":36},"end":{"line":6,"column":71}},"line":6},"1":{"name":"(anonymous_1)","decl":{"start":{"line":10,"column":27},"end":{"line":10,"column":28}},"loc":{"start":{"line":10,"column":37},"end":{"line":18,"column":1}},"line":10},"2":{"name":"(anonymous_2)","decl":{"start":{"line":20,"column":27},"end":{"line":20,"column":28}},"loc":{"start":{"line":20,"column":34},"end":{"line":20,"column":76}},"line":20},"3":{"name":"(anonymous_3)","decl":{"start":{"line":24,"column":27},"end":{"line":24,"column":28}},"loc":{"start":{"line":24,"column":47},"end":{"line":31,"column":1}},"line":24},"4":{"name":"(anonymous_4)","decl":{"start":{"line":35,"column":13},"end":{"line":35,"column":14}},"loc":{"start":{"line":35,"column":25},"end":{"line":35,"column":49}},"line":35},"5":{"name":"(anonymous_5)","decl":{"start":{"line":36,"column":11},"end":{"line":36,"column":12}},"loc":{"start":{"line":36,"column":25},"end":{"line":36,"column":48}},"line":36},"6":{"name":"(anonymous_6)","decl":{"start":{"line":37,"column":11},"end":{"line":37,"column":12}},"loc":{"start":{"line":37,"column":23},"end":{"line":37,"column":45}},"line":37},"7":{"name":"(anonymous_7)","decl":{"start":{"line":38,"column":11},"end":{"line":38,"column":12}},"loc":{"start":{"line":38,"column":25},"end":{"line":38,"column":49}},"line":38}},"branchMap":{"0":{"loc":{"start":{"line":11,"column":2},"end":{"line":17,"column":3}},"type":"if","locations":[{"start":{"line":11,"column":2},"end":{"line":17,"column":3}},{"start":{"line":11,"column":2},"end":{"line":17,"column":3}}],"line":11},"1":{"loc":{"start":{"line":13,"column":9},"end":{"line":17,"column":3}},"type":"if","locations":[{"start":{"line":13,"column":9},"end":{"line":17,"column":3}},{"start":{"line":13,"column":9},"end":{"line":17,"column":3}}],"line":13},"2":{"loc":{"start":{"line":20,"column":34},"end":{"line":20,"column":76}},"type":"binary-expr","locations":[{"start":{"line":20,"column":34},"end":{"line":20,"column":46}},{"start":{"line":20,"column":50},"end":{"line":20,"column":76}}],"line":20},"3":{"loc":{"start":{"line":25,"column":8},"end":{"line":25,"column":17}},"type":"binary-expr","locations":[{"start":{"line":25,"column":8},"end":{"line":25,"column":11}},{"start":{"line":25,"column":15},"end":{"line":25,"column":17}}],"line":25},"4":{"loc":{"start":{"line":26,"column":2},"end":{"line":30,"column":3}},"type":"if","locations":[{"start":{"line":26,"column":2},"end":{"line":30,"column":3}},{"start":{"line":26,"column":2},"end":{"line":30,"column":3}}],"line":26},"5":{"loc":{"start":{"line":26,"column":6},"end":{"line":26,"column":64}},"type":"binary-expr","locations":[{"start":{"line":26,"column":6},"end":{"line":26,"column":15}},{"start":{"line":26,"column":19},"end":{"line":26,"column":36}},{"start":{"line":26,"column":41},"end":{"line":26,"column":63}}],"line":26}},"s":{"0":1,"1":1,"2":1,"3":0,"4":1,"5":0,"6":0,"7":0,"8":0,"9":0,"10":1,"11":0,"12":1,"13":0,"14":0,"15":0,"16":0,"17":1,"18":0,"19":0,"20":0,"21":0},"f":{"0":0,"1":0,"2":0,"3":0,"4":0,"5":0,"6":0,"7":0},"b":{"0":[0,0],"1":[0,0],"2":[0,0],"3":[0,0],"4":[0,0],"5":[0,0,0]},"_coverageSchema":"43e27e138ebf9cfc5966b082cf9a028302ed4184","hash":"c155aa6b51bd13eecd4ad9049696b20e159c3711"}
,"C:\\Users\\Kenneth\\Desktop\\Ian\\Work\\Prismo\\arr.js-Testing\\var.js": {"path":"C:\\Users\\Kenneth\\Desktop\\Ian\\Work\\Prismo\\arr.js-Testing\\var.js","statementMap":{"0":{"start":{"line":7,"column":32},"end":{"line":7,"column":70}},"1":{"start":{"line":7,"column":37},"end":{"line":7,"column":70}},"2":{"start":{"line":10,"column":27},"end":{"line":10,"column":61}},"3":{"start":{"line":10,"column":32},"end":{"line":10,"column":61}},"4":{"start":{"line":12,"column":0},"end":{"line":15,"column":1}},"5":{"start":{"line":13,"column":29},"end":{"line":13,"column":52}},"6":{"start":{"line":14,"column":23},"end":{"line":14,"column":41}}},"fnMap":{"0":{"name":"(anonymous_0)","decl":{"start":{"line":7,"column":32},"end":{"line":7,"column":33}},"loc":{"start":{"line":7,"column":37},"end":{"line":7,"column":70}},"line":7},"1":{"name":"(anonymous_1)","decl":{"start":{"line":10,"column":27},"end":{"line":10,"column":28}},"loc":{"start":{"line":10,"column":32},"end":{"line":10,"column":61}},"line":10},"2":{"name":"(anonymous_2)","decl":{"start":{"line":13,"column":15},"end":{"line":13,"column":16}},"loc":{"start":{"line":13,"column":27},"end":{"line":13,"column":54}},"line":13},"3":{"name":"(anonymous_3)","decl":{"start":{"line":14,"column":10},"end":{"line":14,"column":11}},"loc":{"start":{"line":14,"column":22},"end":{"line":14,"column":43}},"line":14}},"branchMap":{"0":{"loc":{"start":{"line":7,"column":37},"end":{"line":7,"column":70}},"type":"binary-expr","locations":[{"start":{"line":7,"column":38},"end":{"line":7,"column":48}},{"start":{"line":7,"column":54},"end":{"line":7,"column":69}}],"line":7},"1":{"loc":{"start":{"line":10,"column":32},"end":{"line":10,"column":61}},"type":"binary-expr","locations":[{"start":{"line":10,"column":32},"end":{"line":10,"column":47}},{"start":{"line":10,"column":52},"end":{"line":10,"column":60}}],"line":10}},"s":{"0":1,"1":45,"2":1,"3":0,"4":1,"5":45,"6":0},"f":{"0":45,"1":0,"2":45,"3":0},"b":{"0":[45,38],"1":[0,0]},"_coverageSchema":"43e27e138ebf9cfc5966b082cf9a028302ed4184","hash":"5e2e131cb56532a7672b648780c9ca5fdfdfee70"}
}
