TN:
SF:C:\Users\Kenneth\Desktop\Ian\Work\Prismo\arr.js-Testing\arr.js
FN:21,(anonymous_0)
FN:27,(anonymous_1)
FN:32,(anonymous_2)
FN:33,(anonymous_3)
FN:38,(anonymous_4)
FN:52,(anonymous_5)
FN:53,(anonymous_6)
FN:58,(anonymous_7)
FN:59,(anonymous_8)
FN:64,(anonymous_9)
FN:77,(anonymous_10)
FN:77,(anonymous_11)
FN:83,(anonymous_12)
FN:85,(anonymous_13)
FN:97,(anonymous_14)
FN:100,(anonymous_15)
FN:101,(anonymous_16)
FN:112,(anonymous_17)
FN:115,(anonymous_18)
FN:128,(anonymous_19)
FN:131,(anonymous_20)
FN:144,(anonymous_21)
FN:149,(anonymous_22)
FN:158,(anonymous_23)
FN:159,(anonymous_24)
FN:164,(anonymous_25)
FN:165,(anonymous_26)
FN:166,(anonymous_27)
FN:167,(anonymous_28)
FN:168,(anonymous_29)
FN:169,(anonymous_30)
FN:170,(anonymous_31)
FN:171,(anonymous_32)
FN:172,(anonymous_33)
FN:173,(anonymous_34)
FN:174,(anonymous_35)
FN:175,(anonymous_36)
FN:176,(anonymous_37)
FNF:38
FNH:8
FNDA:101,(anonymous_0)
FNDA:3,(anonymous_1)
FNDA:2957,(anonymous_2)
FNDA:578,(anonymous_3)
FNDA:2962,(anonymous_4)
FNDA:0,(anonymous_5)
FNDA:0,(anonymous_6)
FNDA:0,(anonymous_7)
FNDA:0,(anonymous_8)
FNDA:0,(anonymous_9)
FNDA:0,(anonymous_10)
FNDA:0,(anonymous_11)
FNDA:0,(anonymous_12)
FNDA:0,(anonymous_13)
FNDA:0,(anonymous_14)
FNDA:0,(anonymous_15)
FNDA:0,(anonymous_16)
FNDA:0,(anonymous_17)
FNDA:0,(anonymous_18)
FNDA:0,(anonymous_19)
FNDA:0,(anonymous_20)
FNDA:0,(anonymous_21)
FNDA:0,(anonymous_22)
FNDA:0,(anonymous_23)
FNDA:0,(anonymous_24)
FNDA:101,(anonymous_25)
FNDA:2957,(anonymous_26)
FNDA:2962,(anonymous_27)
FNDA:0,(anonymous_28)
FNDA:0,(anonymous_29)
FNDA:0,(anonymous_30)
FNDA:0,(anonymous_31)
FNDA:0,(anonymous_32)
FNDA:0,(anonymous_33)
FNDA:0,(anonymous_34)
FNDA:0,(anonymous_35)
FNDA:0,(anonymous_36)
FNDA:0,(anonymous_37)
DA:9,3
DA:10,3
DA:12,3
DA:13,3
DA:15,3
DA:16,3
DA:21,3
DA:22,101
DA:23,101
DA:24,101
DA:25,101
DA:26,101
DA:27,3
DA:32,3
DA:33,2957
DA:38,3
DA:39,2962
DA:40,2962
DA:41,2962
DA:42,2093
DA:43,2093
DA:44,60
DA:47,2902
DA:52,3
DA:53,0
DA:58,3
DA:59,0
DA:64,3
DA:65,0
DA:66,0
DA:68,0
DA:69,0
DA:70,0
DA:71,0
DA:72,0
DA:73,0
DA:77,3
DA:78,0
DA:79,0
DA:83,3
DA:84,0
DA:85,0
DA:86,0
DA:88,0
DA:89,0
DA:91,0
DA:97,3
DA:98,0
DA:99,0
DA:100,0
DA:101,0
DA:102,0
DA:103,0
DA:107,0
DA:112,3
DA:113,0
DA:114,0
DA:115,0
DA:116,0
DA:117,0
DA:118,0
DA:120,0
DA:122,0
DA:128,3
DA:129,0
DA:130,0
DA:131,0
DA:132,0
DA:133,0
DA:134,0
DA:136,0
DA:138,0
DA:144,3
DA:145,0
DA:146,0
DA:148,0
DA:149,0
DA:150,0
DA:151,0
DA:154,0
DA:158,3
DA:159,0
DA:163,3
DA:164,101
DA:165,2957
DA:166,2962
DA:167,0
DA:168,0
DA:169,0
DA:170,0
DA:171,0
DA:172,0
DA:173,0
DA:174,0
DA:175,0
DA:176,0
LF:96
LH:37
BRDA:22,0,0,101
BRDA:22,0,1,25
BRDA:23,1,0,101
BRDA:23,1,1,66
BRDA:26,2,0,101
BRDA:26,2,1,44
BRDA:33,3,0,2957
BRDA:33,3,1,1056
BRDA:33,4,0,578
BRDA:33,4,1,578
BRDA:39,5,0,2962
BRDA:39,5,1,1056
BRDA:43,6,0,60
BRDA:43,6,1,2033
BRDA:43,7,0,2093
BRDA:43,7,1,2093
BRDA:53,8,0,0
BRDA:53,8,1,0
BRDA:53,9,0,0
BRDA:53,9,1,0
BRDA:59,10,0,0
BRDA:59,10,1,0
BRDA:59,11,0,0
BRDA:59,11,1,0
BRDA:65,12,0,0
BRDA:65,12,1,0
BRDA:77,13,0,0
BRDA:77,13,1,0
BRDA:83,14,0,0
BRDA:84,15,0,0
BRDA:84,15,1,0
BRDA:88,16,0,0
BRDA:88,16,1,0
BRDA:98,17,0,0
BRDA:98,17,1,0
BRDA:102,18,0,0
BRDA:102,18,1,0
BRDA:113,19,0,0
BRDA:113,19,1,0
BRDA:117,20,0,0
BRDA:117,20,1,0
BRDA:129,21,0,0
BRDA:129,21,1,0
BRDA:133,22,0,0
BRDA:133,22,1,0
BRDA:145,23,0,0
BRDA:145,23,1,0
BRDA:145,24,0,0
BRDA:145,24,1,0
BRDA:150,25,0,0
BRDA:150,25,1,0
BRDA:158,26,0,0
BRDA:158,26,1,0
BRDA:171,27,0,0
BRF:54
BRH:16
end_of_record
TN:
SF:C:\Users\Kenneth\Desktop\Ian\Work\Prismo\arr.js-Testing\obj.js
FN:7,(anonymous_0)
FN:24,(anonymous_1)
FN:30,(anonymous_2)
FN:36,(anonymous_3)
FN:53,(anonymous_4)
FN:54,(anonymous_5)
FN:61,(anonymous_6)
FN:63,(anonymous_7)
FN:71,(anonymous_8)
FN:76,(anonymous_9)
FN:84,(anonymous_10)
FN:85,(anonymous_11)
FN:97,(anonymous_12)
FN:98,(anonymous_13)
FN:109,(anonymous_14)
FN:110,(anonymous_15)
FN:111,(anonymous_16)
FN:112,(anonymous_17)
FN:113,(anonymous_18)
FN:114,(anonymous_19)
FN:115,(anonymous_20)
FN:116,(anonymous_21)
FNF:22
FNH:0
FNDA:0,(anonymous_0)
FNDA:0,(anonymous_1)
FNDA:0,(anonymous_2)
FNDA:0,(anonymous_3)
FNDA:0,(anonymous_4)
FNDA:0,(anonymous_5)
FNDA:0,(anonymous_6)
FNDA:0,(anonymous_7)
FNDA:0,(anonymous_8)
FNDA:0,(anonymous_9)
FNDA:0,(anonymous_10)
FNDA:0,(anonymous_11)
FNDA:0,(anonymous_12)
FNDA:0,(anonymous_13)
FNDA:0,(anonymous_14)
FNDA:0,(anonymous_15)
FNDA:0,(anonymous_16)
FNDA:0,(anonymous_17)
FNDA:0,(anonymous_18)
FNDA:0,(anonymous_19)
FNDA:0,(anonymous_20)
FNDA:0,(anonymous_21)
DA:2,3
DA:3,3
DA:7,3
DA:8,0
DA:9,0
DA:12,0
DA:13,0
DA:14,0
DA:17,0
DA:24,3
DA:25,0
DA:26,0
DA:27,0
DA:28,0
DA:29,0
DA:30,0
DA:36,3
DA:37,0
DA:38,0
DA:40,0
DA:41,0
DA:42,0
DA:43,0
DA:44,0
DA:45,0
DA:46,0
DA:48,0
DA:53,3
DA:54,0
DA:55,0
DA:61,3
DA:62,0
DA:63,0
DA:64,0
DA:66,0
DA:71,3
DA:72,0
DA:73,0
DA:74,0
DA:76,0
DA:84,3
DA:86,0
DA:87,0
DA:88,0
DA:97,3
DA:99,0
DA:100,0
DA:101,0
DA:103,0
DA:104,0
DA:108,3
DA:109,0
DA:110,0
DA:111,0
DA:112,0
DA:113,0
DA:114,0
DA:115,0
DA:116,0
LF:59
LH:11
BRDA:8,0,0,0
BRDA:8,0,1,0
BRDA:13,1,0,0
BRDA:13,1,1,0
BRDA:25,2,0,0
BRDA:25,2,1,0
BRDA:26,3,0,0
BRDA:26,3,1,0
BRDA:27,4,0,0
BRDA:27,4,1,0
BRDA:28,5,0,0
BRDA:28,5,1,0
BRDA:29,6,0,0
BRDA:29,6,1,0
BRDA:37,7,0,0
BRDA:37,7,1,0
BRDA:40,8,0,0
BRDA:40,8,1,0
BRDA:44,9,0,0
BRDA:44,9,1,0
BRDA:44,9,2,0
BRDA:54,10,0,0
BRDA:54,10,1,0
BRDA:61,11,0,0
BRDA:62,12,0,0
BRDA:62,12,1,0
BRDA:63,13,0,0
BRDA:63,13,1,0
BRDA:72,14,0,0
BRDA:72,14,1,0
BRDA:73,15,0,0
BRDA:73,15,1,0
BRDA:84,16,0,0
BRDA:84,16,1,0
BRDA:89,17,0,0
BRDA:89,17,1,0
BRDA:97,18,0,0
BRDA:97,18,1,0
BRDA:100,19,0,0
BRDA:100,19,1,0
BRDA:105,20,0,0
BRDA:105,20,1,0
BRDA:113,21,0,0
BRF:43
BRH:0
end_of_record
TN:
SF:C:\Users\Kenneth\Desktop\Ian\Work\Prismo\arr.js-Testing\string.js
FN:6,(anonymous_0)
FN:10,(anonymous_1)
FN:20,(anonymous_2)
FN:24,(anonymous_3)
FN:35,(anonymous_4)
FN:36,(anonymous_5)
FN:37,(anonymous_6)
FN:38,(anonymous_7)
FNF:8
FNH:0
FNDA:0,(anonymous_0)
FNDA:0,(anonymous_1)
FNDA:0,(anonymous_2)
FNDA:0,(anonymous_3)
FNDA:0,(anonymous_4)
FNDA:0,(anonymous_5)
FNDA:0,(anonymous_6)
FNDA:0,(anonymous_7)
DA:2,3
DA:3,3
DA:6,3
DA:10,3
DA:11,0
DA:12,0
DA:13,0
DA:14,0
DA:16,0
DA:20,3
DA:24,3
DA:25,0
DA:26,0
DA:27,0
DA:29,0
DA:34,3
DA:35,0
DA:36,0
DA:37,0
DA:38,0
LF:20
LH:7
BRDA:11,0,0,0
BRDA:11,0,1,0
BRDA:13,1,0,0
BRDA:13,1,1,0
BRDA:20,2,0,0
BRDA:20,2,1,0
BRDA:25,3,0,0
BRDA:25,3,1,0
BRDA:26,4,0,0
BRDA:26,4,1,0
BRDA:26,5,0,0
BRDA:26,5,1,0
BRDA:26,5,2,0
BRF:13
BRH:0
end_of_record
TN:
SF:C:\Users\Kenneth\Desktop\Ian\Work\Prismo\arr.js-Testing\var.js
FN:7,(anonymous_0)
FN:10,(anonymous_1)
FN:13,(anonymous_2)
FN:14,(anonymous_3)
FNF:4
FNH:0
FNDA:0,(anonymous_0)
FNDA:0,(anonymous_1)
FNDA:0,(anonymous_2)
FNDA:0,(anonymous_3)
DA:7,3
DA:10,3
DA:12,3
DA:13,0
DA:14,0
LF:5
LH:3
BRDA:7,0,0,0
BRDA:7,0,1,0
BRDA:10,1,0,0
BRDA:10,1,1,0
BRF:4
BRH:0
end_of_record
